<?xml version="1.0" encoding="UTF-8"?>
<!-- Generated by org.testng.reporters.JUnitXMLReporter -->
<testsuite ignored="0" hostname="LAPTOP-ORB3GTRR" failures="1" tests="3" name="Chat API Test" time="132.342" errors="0" timestamp="2025-08-27T16:18:15 IST">
  <testcase classname="ChatAPIContentValidationTest" name="testChatAPIResponseValidation" time="35.468">
    <failure type="java.lang.AssertionError" message="One or more expected fragments were not found in the response. expected [true] but found [false]">
      <![CDATA[java.lang.AssertionError: One or more expected fragments were not found in the response. expected [true] but found [false]
at ChatAPIContentValidationTest.testChatAPIResponseValidation(ChatAPIContentValidationTest.java:167)
at java.base/java.util.ArrayList.forEach(ArrayList.java:1541)
... Removed 34 stack frames]]>
    </failure>
  </testcase> <!-- testChatAPIResponseValidation -->
  <testcase classname="ChatAPIContentValidationTest" name="testChatAPIResponseValidation" time="35.95"/>
  <testcase classname="ChatAPIContentValidationTest" name="testChatAPIResponseValidation" time="60.891"/>
</testsuite> <!-- Chat API Test -->
